running egg_info
creating ../../build/kmou_robot_spawner_pkg/kmou_robot_spawner_pkg.egg-info
writing ../../build/kmou_robot_spawner_pkg/kmou_robot_spawner_pkg.egg-info/PKG-INFO
writing dependency_links to ../../build/kmou_robot_spawner_pkg/kmou_robot_spawner_pkg.egg-info/dependency_links.txt
writing entry points to ../../build/kmou_robot_spawner_pkg/kmou_robot_spawner_pkg.egg-info/entry_points.txt
writing requirements to ../../build/kmou_robot_spawner_pkg/kmou_robot_spawner_pkg.egg-info/requires.txt
writing top-level names to ../../build/kmou_robot_spawner_pkg/kmou_robot_spawner_pkg.egg-info/top_level.txt
writing manifest file '../../build/kmou_robot_spawner_pkg/kmou_robot_spawner_pkg.egg-info/SOURCES.txt'
reading manifest file '../../build/kmou_robot_spawner_pkg/kmou_robot_spawner_pkg.egg-info/SOURCES.txt'
writing manifest file '../../build/kmou_robot_spawner_pkg/kmou_robot_spawner_pkg.egg-info/SOURCES.txt'
running build
running build_py
creating /home/papag/av_ws/build/kmou_robot_spawner_pkg/build
creating /home/papag/av_ws/build/kmou_robot_spawner_pkg/build/lib
creating /home/papag/av_ws/build/kmou_robot_spawner_pkg/build/lib/kmou_robot_spawner_pkg
copying kmou_robot_spawner_pkg/spawn_demo.py -> /home/papag/av_ws/build/kmou_robot_spawner_pkg/build/lib/kmou_robot_spawner_pkg
copying kmou_robot_spawner_pkg/__init__.py -> /home/papag/av_ws/build/kmou_robot_spawner_pkg/build/lib/kmou_robot_spawner_pkg
running install
running install_lib
creating /home/papag/av_ws/install/kmou_robot_spawner_pkg/lib/python3.8/site-packages/kmou_robot_spawner_pkg
copying /home/papag/av_ws/build/kmou_robot_spawner_pkg/build/lib/kmou_robot_spawner_pkg/spawn_demo.py -> /home/papag/av_ws/install/kmou_robot_spawner_pkg/lib/python3.8/site-packages/kmou_robot_spawner_pkg
copying /home/papag/av_ws/build/kmou_robot_spawner_pkg/build/lib/kmou_robot_spawner_pkg/__init__.py -> /home/papag/av_ws/install/kmou_robot_spawner_pkg/lib/python3.8/site-packages/kmou_robot_spawner_pkg
byte-compiling /home/papag/av_ws/install/kmou_robot_spawner_pkg/lib/python3.8/site-packages/kmou_robot_spawner_pkg/spawn_demo.py to spawn_demo.cpython-38.pyc
byte-compiling /home/papag/av_ws/install/kmou_robot_spawner_pkg/lib/python3.8/site-packages/kmou_robot_spawner_pkg/__init__.py to __init__.cpython-38.pyc
running install_data
creating /home/papag/av_ws/install/kmou_robot_spawner_pkg/share/ament_index
creating /home/papag/av_ws/install/kmou_robot_spawner_pkg/share/ament_index/resource_index
creating /home/papag/av_ws/install/kmou_robot_spawner_pkg/share/ament_index/resource_index/packages
copying resource/kmou_robot_spawner_pkg -> /home/papag/av_ws/install/kmou_robot_spawner_pkg/share/ament_index/resource_index/packages
copying package.xml -> /home/papag/av_ws/install/kmou_robot_spawner_pkg/share/kmou_robot_spawner_pkg
creating /home/papag/av_ws/install/kmou_robot_spawner_pkg/share/kmou_robot_spawner_pkg/launch
copying launch/gazebo_world.launch.py -> /home/papag/av_ws/install/kmou_robot_spawner_pkg/share/kmou_robot_spawner_pkg/launch
creating /home/papag/av_ws/install/kmou_robot_spawner_pkg/share/kmou_robot_spawner_pkg/worlds
copying ./worlds/kmou.world -> /home/papag/av_ws/install/kmou_robot_spawner_pkg/share/kmou_robot_spawner_pkg/worlds/
creating /home/papag/av_ws/install/kmou_robot_spawner_pkg/share/kmou_robot_spawner_pkg/models
creating /home/papag/av_ws/install/kmou_robot_spawner_pkg/share/kmou_robot_spawner_pkg/models/kmou
copying ./models/kmou/model.sdf -> /home/papag/av_ws/install/kmou_robot_spawner_pkg/share/kmou_robot_spawner_pkg/models/kmou/
copying ./models/kmou/model.config -> /home/papag/av_ws/install/kmou_robot_spawner_pkg/share/kmou_robot_spawner_pkg/models/kmou/
creating /home/papag/av_ws/install/kmou_robot_spawner_pkg/share/kmou_robot_spawner_pkg/models/warehouse_robot_tutorial
copying ./models/warehouse_robot_tutorial/model.sdf -> /home/papag/av_ws/install/kmou_robot_spawner_pkg/share/kmou_robot_spawner_pkg/models/warehouse_robot_tutorial/
copying ./models/warehouse_robot_tutorial/model.config -> /home/papag/av_ws/install/kmou_robot_spawner_pkg/share/kmou_robot_spawner_pkg/models/warehouse_robot_tutorial/
copying ./worlds/kmou.world -> /home/papag/av_ws/install/kmou_robot_spawner_pkg/share/kmou_robot_spawner_pkg/models/
running install_egg_info
Copying ../../build/kmou_robot_spawner_pkg/kmou_robot_spawner_pkg.egg-info to /home/papag/av_ws/install/kmou_robot_spawner_pkg/lib/python3.8/site-packages/kmou_robot_spawner_pkg-0.0.0-py3.8.egg-info
running install_scripts
Installing spawn_demo script to /home/papag/av_ws/install/kmou_robot_spawner_pkg/lib/kmou_robot_spawner_pkg
writing list of installed files to '/home/papag/av_ws/build/kmou_robot_spawner_pkg/install.log'
