[0.377s] DEBUG:colcon:Command line arguments: ['/usr/bin/colcon', 'build', '--packages-select', 'kmou_robot_controller_pkg']
[0.377s] DEBUG:colcon:Parsed command line arguments: Namespace(allow_overriding=[], ament_cmake_args=None, base_paths=['.'], build_base='build', catkin_cmake_args=None, catkin_skip_building_tests=False, cmake_args=None, cmake_clean_cache=False, cmake_clean_first=False, cmake_force_configure=False, cmake_target=None, cmake_target_skip_unavailable=False, continue_on_error=False, event_handlers=None, executor='parallel', ignore_user_meta=False, install_base='install', log_base=None, log_level=None, main=<bound method BuildVerb.main of <colcon_core.verb.build.BuildVerb object at 0x7f87b862ccd0>>, merge_install=False, metas=['./colcon.meta'], packages_above=None, packages_above_and_dependencies=None, packages_above_depth=None, packages_end=None, packages_ignore=None, packages_ignore_regex=None, packages_select=['kmou_robot_controller_pkg'], packages_select_build_failed=False, packages_select_by_dep=None, packages_select_regex=None, packages_select_test_failures=False, packages_skip=None, packages_skip_build_finished=False, packages_skip_by_dep=None, packages_skip_regex=None, packages_skip_test_passed=False, packages_skip_up_to=None, packages_start=None, packages_up_to=None, packages_up_to_regex=None, parallel_workers=4, paths=None, symlink_install=False, test_result_base=None, verb_extension=<colcon_core.verb.build.BuildVerb object at 0x7f87b862ccd0>, verb_name='build', verb_parser=<colcon_defaults.argument_parser.defaults.DefaultArgumentsDecorator object at 0x7f87b863e280>)
[0.442s] Level 1:colcon.colcon_core.package_discovery:discover_packages(colcon_meta) check parameters
[0.442s] Level 1:colcon.colcon_core.package_discovery:discover_packages(recursive) check parameters
[0.442s] Level 1:colcon.colcon_core.package_discovery:discover_packages(ignore) check parameters
[0.442s] Level 1:colcon.colcon_core.package_discovery:discover_packages(path) check parameters
[0.443s] Level 1:colcon.colcon_core.package_discovery:discover_packages(colcon_meta) discover
[0.443s] Level 1:colcon.colcon_core.package_discovery:discover_packages(recursive) discover
[0.443s] INFO:colcon.colcon_core.package_discovery:Crawling recursively for packages in '/home/papag/av_ws'
[0.443s] Level 1:colcon.colcon_core.package_identification:_identify(.) by extensions ['ignore', 'ignore_ament_install']
[0.443s] Level 1:colcon.colcon_core.package_identification:_identify(.) by extension 'ignore'
[0.443s] Level 1:colcon.colcon_core.package_identification:_identify(.) by extension 'ignore_ament_install'
[0.443s] Level 1:colcon.colcon_core.package_identification:_identify(.) by extensions ['colcon_pkg']
[0.443s] Level 1:colcon.colcon_core.package_identification:_identify(.) by extension 'colcon_pkg'
[0.443s] Level 1:colcon.colcon_core.package_identification:_identify(.) by extensions ['colcon_meta']
[0.443s] Level 1:colcon.colcon_core.package_identification:_identify(.) by extension 'colcon_meta'
[0.444s] Level 1:colcon.colcon_core.package_identification:_identify(.) by extensions ['ros']
[0.444s] Level 1:colcon.colcon_core.package_identification:_identify(.) by extension 'ros'
[0.472s] Level 1:colcon.colcon_core.package_identification:_identify(.) by extensions ['cmake', 'python']
[0.472s] Level 1:colcon.colcon_core.package_identification:_identify(.) by extension 'cmake'
[0.473s] Level 1:colcon.colcon_core.package_identification:_identify(.) by extension 'python'
[0.473s] Level 1:colcon.colcon_core.package_identification:_identify(.) by extensions ['python_setup_py']
[0.473s] Level 1:colcon.colcon_core.package_identification:_identify(.) by extension 'python_setup_py'
[0.473s] Level 1:colcon.colcon_core.package_identification:_identify(build) by extensions ['ignore', 'ignore_ament_install']
[0.473s] Level 1:colcon.colcon_core.package_identification:_identify(build) by extension 'ignore'
[0.473s] Level 1:colcon.colcon_core.package_identification:_identify(build) ignored
[0.474s] Level 1:colcon.colcon_core.package_identification:_identify(install) by extensions ['ignore', 'ignore_ament_install']
[0.474s] Level 1:colcon.colcon_core.package_identification:_identify(install) by extension 'ignore'
[0.474s] Level 1:colcon.colcon_core.package_identification:_identify(install) ignored
[0.474s] Level 1:colcon.colcon_core.package_identification:_identify(log) by extensions ['ignore', 'ignore_ament_install']
[0.475s] Level 1:colcon.colcon_core.package_identification:_identify(log) by extension 'ignore'
[0.475s] Level 1:colcon.colcon_core.package_identification:_identify(log) ignored
[0.475s] Level 1:colcon.colcon_core.package_identification:_identify(src) by extensions ['ignore', 'ignore_ament_install']
[0.475s] Level 1:colcon.colcon_core.package_identification:_identify(src) by extension 'ignore'
[0.475s] Level 1:colcon.colcon_core.package_identification:_identify(src) by extension 'ignore_ament_install'
[0.475s] Level 1:colcon.colcon_core.package_identification:_identify(src) by extensions ['colcon_pkg']
[0.475s] Level 1:colcon.colcon_core.package_identification:_identify(src) by extension 'colcon_pkg'
[0.476s] Level 1:colcon.colcon_core.package_identification:_identify(src) by extensions ['colcon_meta']
[0.476s] Level 1:colcon.colcon_core.package_identification:_identify(src) by extension 'colcon_meta'
[0.476s] Level 1:colcon.colcon_core.package_identification:_identify(src) by extensions ['ros']
[0.476s] Level 1:colcon.colcon_core.package_identification:_identify(src) by extension 'ros'
[0.476s] Level 1:colcon.colcon_core.package_identification:_identify(src) by extensions ['cmake', 'python']
[0.476s] Level 1:colcon.colcon_core.package_identification:_identify(src) by extension 'cmake'
[0.476s] Level 1:colcon.colcon_core.package_identification:_identify(src) by extension 'python'
[0.476s] Level 1:colcon.colcon_core.package_identification:_identify(src) by extensions ['python_setup_py']
[0.476s] Level 1:colcon.colcon_core.package_identification:_identify(src) by extension 'python_setup_py'
[0.476s] Level 1:colcon.colcon_core.package_identification:_identify(src/kmou_robot_controller_pkg) by extensions ['ignore', 'ignore_ament_install']
[0.477s] Level 1:colcon.colcon_core.package_identification:_identify(src/kmou_robot_controller_pkg) by extension 'ignore'
[0.477s] Level 1:colcon.colcon_core.package_identification:_identify(src/kmou_robot_controller_pkg) by extension 'ignore_ament_install'
[0.477s] Level 1:colcon.colcon_core.package_identification:_identify(src/kmou_robot_controller_pkg) by extensions ['colcon_pkg']
[0.477s] Level 1:colcon.colcon_core.package_identification:_identify(src/kmou_robot_controller_pkg) by extension 'colcon_pkg'
[0.477s] Level 1:colcon.colcon_core.package_identification:_identify(src/kmou_robot_controller_pkg) by extensions ['colcon_meta']
[0.477s] Level 1:colcon.colcon_core.package_identification:_identify(src/kmou_robot_controller_pkg) by extension 'colcon_meta'
[0.477s] Level 1:colcon.colcon_core.package_identification:_identify(src/kmou_robot_controller_pkg) by extensions ['ros']
[0.477s] Level 1:colcon.colcon_core.package_identification:_identify(src/kmou_robot_controller_pkg) by extension 'ros'
[0.482s] DEBUG:colcon.colcon_core.package_identification:Package 'src/kmou_robot_controller_pkg' with type 'ros.ament_python' and name 'kmou_robot_controller_pkg'
[0.483s] Level 1:colcon.colcon_core.package_identification:_identify(src/kmou_robot_spawner_pkg) by extensions ['ignore', 'ignore_ament_install']
[0.483s] Level 1:colcon.colcon_core.package_identification:_identify(src/kmou_robot_spawner_pkg) by extension 'ignore'
[0.483s] Level 1:colcon.colcon_core.package_identification:_identify(src/kmou_robot_spawner_pkg) by extension 'ignore_ament_install'
[0.483s] Level 1:colcon.colcon_core.package_identification:_identify(src/kmou_robot_spawner_pkg) by extensions ['colcon_pkg']
[0.483s] Level 1:colcon.colcon_core.package_identification:_identify(src/kmou_robot_spawner_pkg) by extension 'colcon_pkg'
[0.483s] Level 1:colcon.colcon_core.package_identification:_identify(src/kmou_robot_spawner_pkg) by extensions ['colcon_meta']
[0.483s] Level 1:colcon.colcon_core.package_identification:_identify(src/kmou_robot_spawner_pkg) by extension 'colcon_meta'
[0.484s] Level 1:colcon.colcon_core.package_identification:_identify(src/kmou_robot_spawner_pkg) by extensions ['ros']
[0.484s] Level 1:colcon.colcon_core.package_identification:_identify(src/kmou_robot_spawner_pkg) by extension 'ros'
[0.485s] DEBUG:colcon.colcon_core.package_identification:Package 'src/kmou_robot_spawner_pkg' with type 'ros.ament_python' and name 'kmou_robot_spawner_pkg'
[0.485s] Level 1:colcon.colcon_core.package_discovery:discover_packages(recursive) using defaults
[0.485s] Level 1:colcon.colcon_core.package_discovery:discover_packages(ignore) discover
[0.485s] Level 1:colcon.colcon_core.package_discovery:discover_packages(ignore) using defaults
[0.485s] Level 1:colcon.colcon_core.package_discovery:discover_packages(path) discover
[0.485s] Level 1:colcon.colcon_core.package_discovery:discover_packages(path) using defaults
[0.552s] INFO:colcon.colcon_core.package_selection:Skipping not selected package 'kmou_robot_spawner_pkg' in 'src/kmou_robot_spawner_pkg'
[0.554s] Level 1:colcon.colcon_core.package_discovery:discover_packages(prefix_path) check parameters
[0.554s] Level 1:colcon.colcon_core.package_discovery:discover_packages(prefix_path) discover
[0.564s] DEBUG:colcon.colcon_installed_package_information.package_discovery:Found 31 installed packages in /home/papag/nav2_ws/install
[0.567s] DEBUG:colcon.colcon_installed_package_information.package_discovery:Found 5 installed packages in /home/papag/dev_ws/install
[0.569s] DEBUG:colcon.colcon_installed_package_information.package_discovery:Found 2 installed packages in /home/papag/av_ws/install
[0.574s] DEBUG:colcon.colcon_installed_package_information.package_discovery:Found 312 installed packages in /opt/ros/foxy
[0.581s] Level 1:colcon.colcon_core.package_discovery:discover_packages(prefix_path) using defaults
[0.820s] Level 5:colcon.colcon_core.verb:set package 'kmou_robot_controller_pkg' build argument 'cmake_args' from command line to 'None'
[0.820s] Level 5:colcon.colcon_core.verb:set package 'kmou_robot_controller_pkg' build argument 'cmake_target' from command line to 'None'
[0.820s] Level 5:colcon.colcon_core.verb:set package 'kmou_robot_controller_pkg' build argument 'cmake_target_skip_unavailable' from command line to 'False'
[0.820s] Level 5:colcon.colcon_core.verb:set package 'kmou_robot_controller_pkg' build argument 'cmake_clean_cache' from command line to 'False'
[0.820s] Level 5:colcon.colcon_core.verb:set package 'kmou_robot_controller_pkg' build argument 'cmake_clean_first' from command line to 'False'
[0.821s] Level 5:colcon.colcon_core.verb:set package 'kmou_robot_controller_pkg' build argument 'cmake_force_configure' from command line to 'False'
[0.821s] Level 5:colcon.colcon_core.verb:set package 'kmou_robot_controller_pkg' build argument 'ament_cmake_args' from command line to 'None'
[0.821s] Level 5:colcon.colcon_core.verb:set package 'kmou_robot_controller_pkg' build argument 'catkin_cmake_args' from command line to 'None'
[0.821s] Level 5:colcon.colcon_core.verb:set package 'kmou_robot_controller_pkg' build argument 'catkin_skip_building_tests' from command line to 'False'
[0.821s] DEBUG:colcon.colcon_core.verb:Building package 'kmou_robot_controller_pkg' with the following arguments: {'ament_cmake_args': None, 'build_base': '/home/papag/av_ws/build/kmou_robot_controller_pkg', 'catkin_cmake_args': None, 'catkin_skip_building_tests': False, 'cmake_args': None, 'cmake_clean_cache': False, 'cmake_clean_first': False, 'cmake_force_configure': False, 'cmake_target': None, 'cmake_target_skip_unavailable': False, 'install_base': '/home/papag/av_ws/install/kmou_robot_controller_pkg', 'merge_install': False, 'path': '/home/papag/av_ws/src/kmou_robot_controller_pkg', 'symlink_install': False, 'test_result_base': None}
[0.823s] INFO:colcon.colcon_core.executor:Executing jobs using 'parallel' executor
[0.836s] DEBUG:colcon.colcon_parallel_executor.executor.parallel:run_until_complete
[0.836s] INFO:colcon.colcon_ros.task.ament_python.build:Building ROS package in '/home/papag/av_ws/src/kmou_robot_controller_pkg' with build type 'ament_python'
[0.837s] Level 1:colcon.colcon_core.shell:create_environment_hook('kmou_robot_controller_pkg', 'ament_prefix_path')
[0.855s] INFO:colcon.colcon_core.plugin_system:Skipping extension 'colcon_core.shell.bat': Not used on non-Windows systems
[0.856s] INFO:colcon.colcon_core.shell:Creating environment hook '/home/papag/av_ws/install/kmou_robot_controller_pkg/share/kmou_robot_controller_pkg/hook/ament_prefix_path.ps1'
[0.858s] INFO:colcon.colcon_core.shell:Creating environment descriptor '/home/papag/av_ws/install/kmou_robot_controller_pkg/share/kmou_robot_controller_pkg/hook/ament_prefix_path.dsv'
[0.859s] INFO:colcon.colcon_core.shell:Creating environment hook '/home/papag/av_ws/install/kmou_robot_controller_pkg/share/kmou_robot_controller_pkg/hook/ament_prefix_path.sh'
[0.864s] INFO:colcon.colcon_core.shell:Skip shell extension 'powershell' for command environment: Not usable outside of PowerShell
[0.864s] DEBUG:colcon.colcon_core.shell:Skip shell extension 'dsv' for command environment
[1.466s] INFO:colcon.colcon_core.task.python.build:Building Python package in '/home/papag/av_ws/src/kmou_robot_controller_pkg'
[1.471s] INFO:colcon.colcon_core.shell:Skip shell extension 'powershell' for command environment: Not usable outside of PowerShell
[1.471s] DEBUG:colcon.colcon_core.shell:Skip shell extension 'dsv' for command environment
[2.443s] DEBUG:colcon.colcon_core.event_handler.log_command:Invoking command in '/home/papag/av_ws/src/kmou_robot_controller_pkg': PYTHONPATH=/home/papag/av_ws/install/kmou_robot_controller_pkg/lib/python3.8/site-packages:${PYTHONPATH} /usr/bin/python3 setup.py egg_info --egg-base ../../build/kmou_robot_controller_pkg build --build-base /home/papag/av_ws/build/kmou_robot_controller_pkg/build install --prefix /home/papag/av_ws/install/kmou_robot_controller_pkg --record /home/papag/av_ws/build/kmou_robot_controller_pkg/install.log --single-version-externally-managed
[3.058s] DEBUG:colcon.colcon_core.event_handler.log_command:Invoked command in '/home/papag/av_ws/src/kmou_robot_controller_pkg' returned '0': PYTHONPATH=/home/papag/av_ws/install/kmou_robot_controller_pkg/lib/python3.8/site-packages:${PYTHONPATH} /usr/bin/python3 setup.py egg_info --egg-base ../../build/kmou_robot_controller_pkg build --build-base /home/papag/av_ws/build/kmou_robot_controller_pkg/build install --prefix /home/papag/av_ws/install/kmou_robot_controller_pkg --record /home/papag/av_ws/build/kmou_robot_controller_pkg/install.log --single-version-externally-managed
[3.072s] Level 1:colcon.colcon_core.environment:checking '/home/papag/av_ws/install/kmou_robot_controller_pkg' for CMake module files
[3.073s] Level 1:colcon.colcon_core.environment:checking '/home/papag/av_ws/install/kmou_robot_controller_pkg' for CMake config files
[3.074s] Level 1:colcon.colcon_core.environment:checking '/home/papag/av_ws/install/kmou_robot_controller_pkg/lib'
[3.075s] Level 1:colcon.colcon_core.environment:checking '/home/papag/av_ws/install/kmou_robot_controller_pkg/bin'
[3.075s] Level 1:colcon.colcon_core.environment:checking '/home/papag/av_ws/install/kmou_robot_controller_pkg/lib/pkgconfig/kmou_robot_controller_pkg.pc'
[3.076s] Level 1:colcon.colcon_core.environment:checking '/home/papag/av_ws/install/kmou_robot_controller_pkg/lib/python3.8/site-packages'
[3.076s] Level 1:colcon.colcon_core.shell:create_environment_hook('kmou_robot_controller_pkg', 'pythonpath')
[3.079s] INFO:colcon.colcon_core.shell:Creating environment hook '/home/papag/av_ws/install/kmou_robot_controller_pkg/share/kmou_robot_controller_pkg/hook/pythonpath.ps1'
[3.080s] INFO:colcon.colcon_core.shell:Creating environment descriptor '/home/papag/av_ws/install/kmou_robot_controller_pkg/share/kmou_robot_controller_pkg/hook/pythonpath.dsv'
[3.081s] INFO:colcon.colcon_core.shell:Creating environment hook '/home/papag/av_ws/install/kmou_robot_controller_pkg/share/kmou_robot_controller_pkg/hook/pythonpath.sh'
[3.082s] Level 1:colcon.colcon_core.environment:checking '/home/papag/av_ws/install/kmou_robot_controller_pkg/bin'
[3.082s] Level 1:colcon.colcon_core.environment:create_environment_scripts_only(kmou_robot_controller_pkg)
[3.086s] INFO:colcon.colcon_core.shell:Creating package script '/home/papag/av_ws/install/kmou_robot_controller_pkg/share/kmou_robot_controller_pkg/package.ps1'
[3.088s] INFO:colcon.colcon_core.shell:Creating package descriptor '/home/papag/av_ws/install/kmou_robot_controller_pkg/share/kmou_robot_controller_pkg/package.dsv'
[3.089s] INFO:colcon.colcon_core.shell:Creating package script '/home/papag/av_ws/install/kmou_robot_controller_pkg/share/kmou_robot_controller_pkg/package.sh'
[3.091s] INFO:colcon.colcon_core.shell:Creating package script '/home/papag/av_ws/install/kmou_robot_controller_pkg/share/kmou_robot_controller_pkg/package.bash'
[3.093s] INFO:colcon.colcon_core.shell:Creating package script '/home/papag/av_ws/install/kmou_robot_controller_pkg/share/kmou_robot_controller_pkg/package.zsh'
[3.095s] Level 1:colcon.colcon_core.environment:create_file_with_runtime_dependencies(/home/papag/av_ws/install/kmou_robot_controller_pkg/share/colcon-core/packages/kmou_robot_controller_pkg)
[3.096s] DEBUG:colcon.colcon_parallel_executor.executor.parallel:closing loop
[3.097s] DEBUG:colcon.colcon_parallel_executor.executor.parallel:loop closed
[3.097s] DEBUG:colcon.colcon_parallel_executor.executor.parallel:run_until_complete finished with '0'
[3.097s] DEBUG:colcon.colcon_core.event_reactor:joining thread
[3.110s] INFO:colcon.colcon_core.plugin_system:Skipping extension 'colcon_notification.desktop_notification.terminal_notifier': Not used on non-Darwin systems
[3.110s] INFO:colcon.colcon_core.plugin_system:Skipping extension 'colcon_notification.desktop_notification.win32': Not used on non-Windows systems
[3.110s] INFO:colcon.colcon_notification.desktop_notification:Sending desktop notification using 'notify2'
[3.160s] DEBUG:colcon.colcon_core.event_reactor:joined thread
[3.163s] INFO:colcon.colcon_core.shell:Creating prefix script '/home/papag/av_ws/install/local_setup.ps1'
[3.165s] INFO:colcon.colcon_core.shell:Creating prefix util module '/home/papag/av_ws/install/_local_setup_util_ps1.py'
[3.176s] INFO:colcon.colcon_core.shell:Creating prefix chain script '/home/papag/av_ws/install/setup.ps1'
[3.181s] INFO:colcon.colcon_core.shell:Creating prefix script '/home/papag/av_ws/install/local_setup.sh'
[3.183s] INFO:colcon.colcon_core.shell:Creating prefix util module '/home/papag/av_ws/install/_local_setup_util_sh.py'
[3.184s] INFO:colcon.colcon_core.shell:Creating prefix chain script '/home/papag/av_ws/install/setup.sh'
[3.192s] INFO:colcon.colcon_core.shell:Creating prefix script '/home/papag/av_ws/install/local_setup.bash'
[3.193s] INFO:colcon.colcon_core.shell:Creating prefix chain script '/home/papag/av_ws/install/setup.bash'
[3.203s] INFO:colcon.colcon_core.shell:Creating prefix script '/home/papag/av_ws/install/local_setup.zsh'
[3.204s] INFO:colcon.colcon_core.shell:Creating prefix chain script '/home/papag/av_ws/install/setup.zsh'
