running egg_info
writing ../../build/kmou_robot_controller_pkg/kmou_robot_controller_pkg.egg-info/PKG-INFO
writing dependency_links to ../../build/kmou_robot_controller_pkg/kmou_robot_controller_pkg.egg-info/dependency_links.txt
writing entry points to ../../build/kmou_robot_controller_pkg/kmou_robot_controller_pkg.egg-info/entry_points.txt
writing requirements to ../../build/kmou_robot_controller_pkg/kmou_robot_controller_pkg.egg-info/requires.txt
writing top-level names to ../../build/kmou_robot_controller_pkg/kmou_robot_controller_pkg.egg-info/top_level.txt
reading manifest file '../../build/kmou_robot_controller_pkg/kmou_robot_controller_pkg.egg-info/SOURCES.txt'
writing manifest file '../../build/kmou_robot_controller_pkg/kmou_robot_controller_pkg.egg-info/SOURCES.txt'
running build
running build_py
creating /home/papag/av_ws/build/kmou_robot_controller_pkg/build
creating /home/papag/av_ws/build/kmou_robot_controller_pkg/build/lib
creating /home/papag/av_ws/build/kmou_robot_controller_pkg/build/lib/kmou_robot_controller_pkg
copying kmou_robot_controller_pkg/robot_estimator.py -> /home/papag/av_ws/build/kmou_robot_controller_pkg/build/lib/kmou_robot_controller_pkg
copying kmou_robot_controller_pkg/robot_controller.py -> /home/papag/av_ws/build/kmou_robot_controller_pkg/build/lib/kmou_robot_controller_pkg
copying kmou_robot_controller_pkg/__init__.py -> /home/papag/av_ws/build/kmou_robot_controller_pkg/build/lib/kmou_robot_controller_pkg
running install
running install_lib
creating /home/papag/av_ws/install/kmou_robot_controller_pkg/lib/python3.8/site-packages/kmou_robot_controller_pkg
copying /home/papag/av_ws/build/kmou_robot_controller_pkg/build/lib/kmou_robot_controller_pkg/robot_estimator.py -> /home/papag/av_ws/install/kmou_robot_controller_pkg/lib/python3.8/site-packages/kmou_robot_controller_pkg
copying /home/papag/av_ws/build/kmou_robot_controller_pkg/build/lib/kmou_robot_controller_pkg/robot_controller.py -> /home/papag/av_ws/install/kmou_robot_controller_pkg/lib/python3.8/site-packages/kmou_robot_controller_pkg
copying /home/papag/av_ws/build/kmou_robot_controller_pkg/build/lib/kmou_robot_controller_pkg/__init__.py -> /home/papag/av_ws/install/kmou_robot_controller_pkg/lib/python3.8/site-packages/kmou_robot_controller_pkg
byte-compiling /home/papag/av_ws/install/kmou_robot_controller_pkg/lib/python3.8/site-packages/kmou_robot_controller_pkg/robot_estimator.py to robot_estimator.cpython-38.pyc
byte-compiling /home/papag/av_ws/install/kmou_robot_controller_pkg/lib/python3.8/site-packages/kmou_robot_controller_pkg/robot_controller.py to robot_controller.cpython-38.pyc
byte-compiling /home/papag/av_ws/install/kmou_robot_controller_pkg/lib/python3.8/site-packages/kmou_robot_controller_pkg/__init__.py to __init__.cpython-38.pyc
running install_data
creating /home/papag/av_ws/install/kmou_robot_controller_pkg/share/ament_index
creating /home/papag/av_ws/install/kmou_robot_controller_pkg/share/ament_index/resource_index
creating /home/papag/av_ws/install/kmou_robot_controller_pkg/share/ament_index/resource_index/packages
error: can't copy 'resource/kmou_robot_controller_pkg': doesn't exist or not a regular file
