/home/papag/av_ws/install/kmou_robot_spawner_pkg/lib/python3.8/site-packages/kmou_robot_spawner_pkg/spawn_demo.py
/home/papag/av_ws/install/kmou_robot_spawner_pkg/lib/python3.8/site-packages/kmou_robot_spawner_pkg/__init__.py
/home/papag/av_ws/install/kmou_robot_spawner_pkg/lib/python3.8/site-packages/kmou_robot_spawner_pkg/__pycache__/spawn_demo.cpython-38.pyc
/home/papag/av_ws/install/kmou_robot_spawner_pkg/lib/python3.8/site-packages/kmou_robot_spawner_pkg/__pycache__/__init__.cpython-38.pyc
/home/papag/av_ws/install/kmou_robot_spawner_pkg/share/ament_index/resource_index/packages/kmou_robot_spawner_pkg
/home/papag/av_ws/install/kmou_robot_spawner_pkg/share/kmou_robot_spawner_pkg/package.xml
/home/papag/av_ws/install/kmou_robot_spawner_pkg/share/kmou_robot_spawner_pkg/launch/gazebo_world.launch.py
/home/papag/av_ws/install/kmou_robot_spawner_pkg/share/kmou_robot_spawner_pkg/worlds/kmou.world
/home/papag/av_ws/install/kmou_robot_spawner_pkg/share/kmou_robot_spawner_pkg/models/kmou/model.sdf
/home/papag/av_ws/install/kmou_robot_spawner_pkg/share/kmou_robot_spawner_pkg/models/kmou/model.config
/home/papag/av_ws/install/kmou_robot_spawner_pkg/share/kmou_robot_spawner_pkg/models/warehouse_robot_tutorial/model.sdf
/home/papag/av_ws/install/kmou_robot_spawner_pkg/share/kmou_robot_spawner_pkg/models/warehouse_robot_tutorial/model.config
/home/papag/av_ws/install/kmou_robot_spawner_pkg/share/kmou_robot_spawner_pkg/models/kmou.world
/home/papag/av_ws/install/kmou_robot_spawner_pkg/lib/python3.8/site-packages/kmou_robot_spawner_pkg-0.0.0-py3.8.egg-info/SOURCES.txt
/home/papag/av_ws/install/kmou_robot_spawner_pkg/lib/python3.8/site-packages/kmou_robot_spawner_pkg-0.0.0-py3.8.egg-info/entry_points.txt
/home/papag/av_ws/install/kmou_robot_spawner_pkg/lib/python3.8/site-packages/kmou_robot_spawner_pkg-0.0.0-py3.8.egg-info/top_level.txt
/home/papag/av_ws/install/kmou_robot_spawner_pkg/lib/python3.8/site-packages/kmou_robot_spawner_pkg-0.0.0-py3.8.egg-info/dependency_links.txt
/home/papag/av_ws/install/kmou_robot_spawner_pkg/lib/python3.8/site-packages/kmou_robot_spawner_pkg-0.0.0-py3.8.egg-info/requires.txt
/home/papag/av_ws/install/kmou_robot_spawner_pkg/lib/python3.8/site-packages/kmou_robot_spawner_pkg-0.0.0-py3.8.egg-info/PKG-INFO
/home/papag/av_ws/install/kmou_robot_spawner_pkg/lib/python3.8/site-packages/kmou_robot_spawner_pkg-0.0.0-py3.8.egg-info/zip-safe
/home/papag/av_ws/install/kmou_robot_spawner_pkg/lib/kmou_robot_spawner_pkg/spawn_demo
