running egg_info
writing ../../build/kmou_robot_spawner_pkg/kmou_robot_spawner_pkg.egg-info/PKG-INFO
writing dependency_links to ../../build/kmou_robot_spawner_pkg/kmou_robot_spawner_pkg.egg-info/dependency_links.txt
writing entry points to ../../build/kmou_robot_spawner_pkg/kmou_robot_spawner_pkg.egg-info/entry_points.txt
writing requirements to ../../build/kmou_robot_spawner_pkg/kmou_robot_spawner_pkg.egg-info/requires.txt
writing top-level names to ../../build/kmou_robot_spawner_pkg/kmou_robot_spawner_pkg.egg-info/top_level.txt
reading manifest file '../../build/kmou_robot_spawner_pkg/kmou_robot_spawner_pkg.egg-info/SOURCES.txt'
writing manifest file '../../build/kmou_robot_spawner_pkg/kmou_robot_spawner_pkg.egg-info/SOURCES.txt'
running build
running build_py
running install
running install_lib
running install_data
copying ./worlds/kmou.world -> /home/papag/av_ws/install/kmou_robot_spawner_pkg/share/kmou_robot_spawner_pkg/worlds/
copying ./worlds/kmou.world -> /home/papag/av_ws/install/kmou_robot_spawner_pkg/share/kmou_robot_spawner_pkg/models/
running install_egg_info
removing '/home/papag/av_ws/install/kmou_robot_spawner_pkg/lib/python3.8/site-packages/kmou_robot_spawner_pkg-0.0.0-py3.8.egg-info' (and everything under it)
Copying ../../build/kmou_robot_spawner_pkg/kmou_robot_spawner_pkg.egg-info to /home/papag/av_ws/install/kmou_robot_spawner_pkg/lib/python3.8/site-packages/kmou_robot_spawner_pkg-0.0.0-py3.8.egg-info
running install_scripts
Installing spawn_demo script to /home/papag/av_ws/install/kmou_robot_spawner_pkg/lib/kmou_robot_spawner_pkg
writing list of installed files to '/home/papag/av_ws/build/kmou_robot_spawner_pkg/install.log'
