[1.152s] Invoking command in '/home/papag/av_ws/src/kmou_robot_spawner_pkg': PYTHONPATH=/home/papag/av_ws/install/kmou_robot_spawner_pkg/lib/python3.8/site-packages:${PYTHONPATH} /usr/bin/python3 setup.py egg_info --egg-base ../../build/kmou_robot_spawner_pkg build --build-base /home/papag/av_ws/build/kmou_robot_spawner_pkg/build install --prefix /home/papag/av_ws/install/kmou_robot_spawner_pkg --record /home/papag/av_ws/build/kmou_robot_spawner_pkg/install.log --single-version-externally-managed
[1.544s] running egg_info
[1.545s] writing ../../build/kmou_robot_spawner_pkg/kmou_robot_spawner_pkg.egg-info/PKG-INFO
[1.546s] writing dependency_links to ../../build/kmou_robot_spawner_pkg/kmou_robot_spawner_pkg.egg-info/dependency_links.txt
[1.546s] writing entry points to ../../build/kmou_robot_spawner_pkg/kmou_robot_spawner_pkg.egg-info/entry_points.txt
[1.547s] writing requirements to ../../build/kmou_robot_spawner_pkg/kmou_robot_spawner_pkg.egg-info/requires.txt
[1.547s] writing top-level names to ../../build/kmou_robot_spawner_pkg/kmou_robot_spawner_pkg.egg-info/top_level.txt
[1.624s] reading manifest file '../../build/kmou_robot_spawner_pkg/kmou_robot_spawner_pkg.egg-info/SOURCES.txt'
[1.627s] writing manifest file '../../build/kmou_robot_spawner_pkg/kmou_robot_spawner_pkg.egg-info/SOURCES.txt'
[1.627s] running build
[1.628s] running build_py
[1.628s] running install
[1.630s] running install_lib
[1.632s] running install_data
[1.634s] copying ./worlds/kmou.world -> /home/papag/av_ws/install/kmou_robot_spawner_pkg/share/kmou_robot_spawner_pkg/worlds/
[1.635s] copying ./worlds/kmou.world -> /home/papag/av_ws/install/kmou_robot_spawner_pkg/share/kmou_robot_spawner_pkg/models/
[1.635s] running install_egg_info
[1.637s] removing '/home/papag/av_ws/install/kmou_robot_spawner_pkg/lib/python3.8/site-packages/kmou_robot_spawner_pkg-0.0.0-py3.8.egg-info' (and everything under it)
[1.638s] Copying ../../build/kmou_robot_spawner_pkg/kmou_robot_spawner_pkg.egg-info to /home/papag/av_ws/install/kmou_robot_spawner_pkg/lib/python3.8/site-packages/kmou_robot_spawner_pkg-0.0.0-py3.8.egg-info
[1.639s] running install_scripts
[1.671s] Installing spawn_demo script to /home/papag/av_ws/install/kmou_robot_spawner_pkg/lib/kmou_robot_spawner_pkg
[1.671s] writing list of installed files to '/home/papag/av_ws/build/kmou_robot_spawner_pkg/install.log'
[1.711s] Invoked command in '/home/papag/av_ws/src/kmou_robot_spawner_pkg' returned '0': PYTHONPATH=/home/papag/av_ws/install/kmou_robot_spawner_pkg/lib/python3.8/site-packages:${PYTHONPATH} /usr/bin/python3 setup.py egg_info --egg-base ../../build/kmou_robot_spawner_pkg build --build-base /home/papag/av_ws/build/kmou_robot_spawner_pkg/build install --prefix /home/papag/av_ws/install/kmou_robot_spawner_pkg --record /home/papag/av_ws/build/kmou_robot_spawner_pkg/install.log --single-version-externally-managed
