[1.605s] Invoking command in '/home/papag/av_ws/src/kmou_robot_controller_pkg': PYTHONPATH=/home/papag/av_ws/install/kmou_robot_controller_pkg/lib/python3.8/site-packages:${PYTHONPATH} /usr/bin/python3 setup.py egg_info --egg-base ../../build/kmou_robot_controller_pkg build --build-base /home/papag/av_ws/build/kmou_robot_controller_pkg/build install --prefix /home/papag/av_ws/install/kmou_robot_controller_pkg --record /home/papag/av_ws/build/kmou_robot_controller_pkg/install.log --single-version-externally-managed
[2.048s] running egg_info
[2.049s] writing ../../build/kmou_robot_controller_pkg/kmou_robot_controller_pkg.egg-info/PKG-INFO
[2.050s] writing dependency_links to ../../build/kmou_robot_controller_pkg/kmou_robot_controller_pkg.egg-info/dependency_links.txt
[2.050s] writing entry points to ../../build/kmou_robot_controller_pkg/kmou_robot_controller_pkg.egg-info/entry_points.txt
[2.050s] writing requirements to ../../build/kmou_robot_controller_pkg/kmou_robot_controller_pkg.egg-info/requires.txt
[2.050s] writing top-level names to ../../build/kmou_robot_controller_pkg/kmou_robot_controller_pkg.egg-info/top_level.txt
[2.130s] reading manifest file '../../build/kmou_robot_controller_pkg/kmou_robot_controller_pkg.egg-info/SOURCES.txt'
[2.132s] writing manifest file '../../build/kmou_robot_controller_pkg/kmou_robot_controller_pkg.egg-info/SOURCES.txt'
[2.132s] running build
[2.132s] running build_py
[2.132s] running install
[2.134s] running install_lib
[2.137s] running install_data
[2.138s] copying launch/controller_estimator.launch.py -> /home/papag/av_ws/install/kmou_robot_controller_pkg/share/kmou_robot_controller_pkg
[2.138s] running install_egg_info
[2.141s] removing '/home/papag/av_ws/install/kmou_robot_controller_pkg/lib/python3.8/site-packages/kmou_robot_controller_pkg-0.0.0-py3.8.egg-info' (and everything under it)
[2.141s] Copying ../../build/kmou_robot_controller_pkg/kmou_robot_controller_pkg.egg-info to /home/papag/av_ws/install/kmou_robot_controller_pkg/lib/python3.8/site-packages/kmou_robot_controller_pkg-0.0.0-py3.8.egg-info
[2.143s] running install_scripts
[2.179s] Installing robot_controller script to /home/papag/av_ws/install/kmou_robot_controller_pkg/lib/warehouse_robot_controller_pkg
[2.179s] Installing robot_estimator script to /home/papag/av_ws/install/kmou_robot_controller_pkg/lib/warehouse_robot_controller_pkg
[2.179s] writing list of installed files to '/home/papag/av_ws/build/kmou_robot_controller_pkg/install.log'
[2.221s] Invoked command in '/home/papag/av_ws/src/kmou_robot_controller_pkg' returned '0': PYTHONPATH=/home/papag/av_ws/install/kmou_robot_controller_pkg/lib/python3.8/site-packages:${PYTHONPATH} /usr/bin/python3 setup.py egg_info --egg-base ../../build/kmou_robot_controller_pkg build --build-base /home/papag/av_ws/build/kmou_robot_controller_pkg/build install --prefix /home/papag/av_ws/install/kmou_robot_controller_pkg --record /home/papag/av_ws/build/kmou_robot_controller_pkg/install.log --single-version-externally-managed
